2025-01-30 14:42:19,918 ERROR ru.job4j.sandbox.io.EchoServerWithMultipleLog:main:35 - Client closed the connection.
2025-01-30 14:42:19,926 ERROR ru.job4j.sandbox.io.EchoServerWithMultipleLog:main:62 - Error  Exception in EchoServer
java.net.SocketException: Программа на вашем хост-компьютере разорвала установленное подключение
	at java.base/sun.nio.ch.NioSocketImpl.implRead(NioSocketImpl.java:325)
	at java.base/sun.nio.ch.NioSocketImpl.read(NioSocketImpl.java:350)
	at java.base/sun.nio.ch.NioSocketImpl$1.read(NioSocketImpl.java:803)
	at java.base/java.net.Socket$SocketInputStream.read(Socket.java:966)
	at java.base/sun.nio.cs.StreamDecoder.readBytes(StreamDecoder.java:270)
	at java.base/sun.nio.cs.StreamDecoder.implRead(StreamDecoder.java:313)
	at java.base/sun.nio.cs.StreamDecoder.read(StreamDecoder.java:188)
	at java.base/java.io.InputStreamReader.read(InputStreamReader.java:177)
	at java.base/java.io.BufferedReader.fill(BufferedReader.java:162)
	at java.base/java.io.BufferedReader.readLine(BufferedReader.java:329)
	at java.base/java.io.BufferedReader.readLine(BufferedReader.java:396)
	at ru.job4j.sandbox.io.EchoServerWithMultipleLog.main(EchoServerWithMultipleLog.java:32)
2025-01-30 14:44:45,221 ERROR ru.job4j.sandbox.io.EchoServerWithMultipleLog:main:62 - Error  Exception in EchoServer
java.net.SocketException: Программа на вашем хост-компьютере разорвала установленное подключение
	at java.base/sun.nio.ch.NioSocketImpl.implRead(NioSocketImpl.java:325)
	at java.base/sun.nio.ch.NioSocketImpl.read(NioSocketImpl.java:350)
	at java.base/sun.nio.ch.NioSocketImpl$1.read(NioSocketImpl.java:803)
	at java.base/java.net.Socket$SocketInputStream.read(Socket.java:966)
	at java.base/sun.nio.cs.StreamDecoder.readBytes(StreamDecoder.java:270)
	at java.base/sun.nio.cs.StreamDecoder.implRead(StreamDecoder.java:313)
	at java.base/sun.nio.cs.StreamDecoder.read(StreamDecoder.java:188)
	at java.base/java.io.InputStreamReader.read(InputStreamReader.java:177)
	at java.base/java.io.BufferedReader.fill(BufferedReader.java:162)
	at java.base/java.io.BufferedReader.readLine(BufferedReader.java:329)
	at java.base/java.io.BufferedReader.readLine(BufferedReader.java:396)
	at ru.job4j.sandbox.io.EchoServerWithMultipleLog.main(EchoServerWithMultipleLog.java:32)
